#
# A fatal error has been detected by the Java Runtime Environment:
#
#  SIGSEGV (0xb) at pc=0x000000010ac861b0, pid=34464, tid=17411
#
# JRE version: Java(TM) SE Runtime Environment (8.0_66-b17) (build 1.8.0_66-b17)
# Java VM: Java HotSpot(TM) 64-Bit Server VM (25.66-b17 mixed mode bsd-amd64 compressed oops)
# Problematic frame:
# V  [libjvm.dylib+0x4461b0]  Method::checked_resolve_jmethod_id(_jmethodID*)+0xe
#
# Failed to write core dump. Core dumps have been disabled. To enable core dumping, try "ulimit -c unlimited" before starting Java again
#
# If you would like to submit a bug report, please visit:
#   http://bugreport.java.com/bugreport/crash.jsp
#

---------------  T H R E A D  ---------------

Current thread (0x00007fdf2a030000):  JavaThread "JDWP Transport Listener: dt_socket" daemon [_thread_in_vm, id=17411, stack(0x0000700000b3b000,0x0000700000c3b000)]

siginfo: si_signo: 11 (SIGSEGV), si_code: 0 (unknown), si_addr: 0x0000000000000000

Registers:
RAX=0x0000000000000001, RBX=0x0000700000c3aa8b, RCX=0x000000010b054310, RDX=0x0000700000c3aa8b
RSP=0x0000700000c3a9d0, RBP=0x0000700000c3a9e0, RSI=0x00007fdf2a030000, RDI=0x000307fd00000001
R8 =0x0000000000000001, R9 =0x00007fdf28f2e000, R10=0x000000003169fc84, R11=0x00007fdf28f00000
R12=0x00007fdf2a030000, R13=0x000307fd00000001, R14=0x000307fd00000001, R15=0x00007fdf28f024b0
RIP=0x000000010ac861b0, EFLAGS=0x0000000000010202, ERR=0x0000000000000000
  TRAPNO=0x000000000000000d

Top of Stack: (sp=0x0000700000c3a9d0)
0x0000700000c3a9d0:   0000700000c3aa8b 0000700000c3aa8b
0x0000700000c3a9e0:   0000700000c3aa40 000000010ab952be
0x0000700000c3a9f0:   00007fdf2a030000 0000000000000000
0x0000700000c3aa00:   0000000000000000 0000000000000000
0x0000700000c3aa10:   00007fdf2a030000 00007fdf2a030000
0x0000700000c3aa20:   0000700000c3aa8b 0000700000c3aa90
0x0000700000c3aa30:   000307fd00000001 0000000000000005
0x0000700000c3aa40:   0000700000c3aa60 000000010b8e1780
0x0000700000c3aa50:   0000000000000001 0000700000c3ab08
0x0000700000c3aa60:   0000700000c3aad0 000000010b8c61f3
0x0000700000c3aa70:   0000700000c3aaa0 00007fdf28f1c6e0
0x0000700000c3aa80:   0000000600000032 0000000a00c3ab08
0x0000700000c3aa90:   0000000000000000 0000000000000000
0x0000700000c3aaa0:   0000000000000000 0000700000c3ac90
0x0000700000c3aab0:   000000010b8e8e7a 00007fdf28e24bf0
0x0000700000c3aac0:   0000700000c3ab08 000000010b8f4598
0x0000700000c3aad0:   0000700000c3aae0 000000010b8c62ec
0x0000700000c3aae0:   0000700000c3ad00 000000010b8cf898
0x0000700000c3aaf0:   00009a2200000013 00000000000f0200
0x0000700000c3ab00:   00007fdf28e1cd20 0000700000c3ac61
0x0000700000c3ab10:   00007fdf00000023 0000700000c3ab20
0x0000700000c3ab20:   00007fdf00000109 0000700000c3ab58
0x0000700000c3ab30:   0000000000000000 0000000000000000
0x0000700000c3ab40:   00009a2200000030 0000000000000080
0x0000700000c3ab50:   0000700000c3ab58 df7f000006000000
0x0000700000c3ab60:   06000000985dc428 00003e74696e693c
0x0000700000c3ab70:   0000005629280300 7f00000100000000
0x0000700000c3ab80:   000000c07ff128df 0000006e69616d04
0x0000700000c3ab90:   6176616a4c5b2816 74532f676e616c2f
0x0000700000c3aba0:   0056293b676e6972 0009000000000000
0x0000700000c3abb0:   00e8eaf228df7f00 746e697270130000
0x0000700000c3abc0:   6570704164726f57 000065636e617261 

Instructions: (pc=0x000000010ac861b0)
0x000000010ac86190:   40 48 48 85 c0 75 e0 30 c0 0f b6 c0 5d c3 31 c0
0x000000010ac861a0:   5d c3 55 48 89 e5 53 48 83 ec 08 48 85 ff 74 24
0x000000010ac861b0:   48 8b 1f 48 85 db 74 1c 48 83 fb 37 74 16 48 8b
0x000000010ac861c0:   03 48 89 df ff 50 10 84 c0 b8 00 00 00 00 48 0f 

Register to memory mapping:

RAX=0x0000000000000001 is an unknown value
RBX=0x0000700000c3aa8b is pointing into the stack for thread: 0x00007fdf2a030000
RCX=0x000000010b054310: UseMembar+0 in /Library/Java/JavaVirtualMachines/jdk1.8.0_66.jdk/Contents/Home/jre/lib/server/libjvm.dylib at 0x000000010a840000
RDX=0x0000700000c3aa8b is pointing into the stack for thread: 0x00007fdf2a030000
RSP=0x0000700000c3a9d0 is pointing into the stack for thread: 0x00007fdf2a030000
RBP=0x0000700000c3a9e0 is pointing into the stack for thread: 0x00007fdf2a030000
RSI=0x00007fdf2a030000 is a thread
RDI=0x000307fd00000001 is an unknown value
R8 =0x0000000000000001 is an unknown value
R9 =0x00007fdf28f2e000 is an unknown value
R10=0x000000003169fc84 is an unknown value
R11=0x00007fdf28f00000 is an unknown value
R12=0x00007fdf2a030000 is a thread
R13=0x000307fd00000001 is an unknown value
R14=0x000307fd00000001 is an unknown value
R15=0x00007fdf28f024b0 is an unknown value


Stack: [0x0000700000b3b000,0x0000700000c3b000],  sp=0x0000700000c3a9d0,  free space=1022k
Native frames: (J=compiled Java code, j=interpreted, Vv=VM code, C=native code)
V  [libjvm.dylib+0x4461b0]  Method::checked_resolve_jmethod_id(_jmethodID*)+0xe
V  [libjvm.dylib+0x3552be]  jvmti_IsMethodSynthetic+0xb2
C  [libjdwp.dylib+0x20780]  isMethodSynthetic+0x63
C  [libjdwp.dylib+0x51f3]  methods1+0x10b
C  [libjdwp.dylib+0x52ec]  methodsWithGeneric+0xe
C  [libjdwp.dylib+0xe898]  debugLoop_run+0x1ce
C  [libjdwp.dylib+0x1f6ba]  attachThread+0x4d
V  [libjvm.dylib+0x39661c]  JvmtiAgentThread::call_start_function()+0x38
V  [libjvm.dylib+0x560b83]  JavaThread::thread_main_inner()+0x9b
V  [libjvm.dylib+0x56227e]  JavaThread::run()+0x1c2
V  [libjvm.dylib+0x482cd6]  java_start(Thread*)+0xf6
C  [libsystem_pthread.dylib+0x39b1]  _pthread_body+0x83
C  [libsystem_pthread.dylib+0x392e]  _pthread_body+0x0
C  [libsystem_pthread.dylib+0x1385]  thread_start+0xd
C  0x0000000000000000


---------------  P R O C E S S  ---------------

Java Threads: ( => current thread )
  0x00007fdf29060800 JavaThread "Service Thread" daemon [_thread_blocked, id=20483, stack(0x000070000114d000,0x000070000124d000)]
  0x00007fdf29807800 JavaThread "C1 CompilerThread2" daemon [_thread_blocked, id=19971, stack(0x000070000104a000,0x000070000114a000)]
  0x00007fdf2a85c800 JavaThread "C2 CompilerThread1" daemon [_thread_blocked, id=19459, stack(0x0000700000f47000,0x0000700001047000)]
  0x00007fdf2904b000 JavaThread "C2 CompilerThread0" daemon [_thread_blocked, id=18947, stack(0x0000700000e44000,0x0000700000f44000)]
  0x00007fdf2a031000 JavaThread "JDWP Command Reader" daemon [_thread_in_native, id=18435, stack(0x0000700000d41000,0x0000700000e41000)]
  0x00007fdf29052000 JavaThread "JDWP Event Helper Thread" daemon [_thread_blocked, id=17923, stack(0x0000700000c3e000,0x0000700000d3e000)]
=>0x00007fdf2a030000 JavaThread "JDWP Transport Listener: dt_socket" daemon [_thread_in_vm, id=17411, stack(0x0000700000b3b000,0x0000700000c3b000)]
  0x00007fdf2a85b000 JavaThread "Signal Dispatcher" daemon [_thread_blocked, id=14095, stack(0x0000700000a38000,0x0000700000b38000)]
  0x00007fdf29010000 JavaThread "Finalizer" daemon [_thread_blocked, id=12291, stack(0x000070000082f000,0x000070000092f000)]
  0x00007fdf2a000800 JavaThread "Reference Handler" daemon [_thread_blocked, id=11779, stack(0x000070000072c000,0x000070000082c000)]
  0x00007fdf2a002000 JavaThread "main" [_thread_blocked, id=4099, stack(0x0000700000084000,0x0000700000184000)]

Other Threads:
  0x00007fdf2900f800 VMThread [stack: 0x0000700000629000,0x0000700000729000] [id=11267]
  0x00007fdf2a02d800 WatcherThread [stack: 0x0000700001250000,0x0000700001350000] [id=20995]

VM state:not at safepoint (normal execution)

VM Mutex/Monitor currently owned by a thread: None

Heap:
 PSYoungGen      total 38400K, used 9875K [0x0000000795580000, 0x0000000798000000, 0x00000007c0000000)
  eden space 33280K, 22% used [0x0000000795580000,0x0000000795cd4cf0,0x0000000797600000)
  from space 5120K, 46% used [0x0000000797600000,0x0000000797850010,0x0000000797b00000)
  to   space 5120K, 0% used [0x0000000797b00000,0x0000000797b00000,0x0000000798000000)
 ParOldGen       total 87552K, used 8K [0x0000000740000000, 0x0000000745580000, 0x0000000795580000)
  object space 87552K, 0% used [0x0000000740000000,0x0000000740002000,0x0000000745580000)
 Metaspace       used 3636K, capacity 4704K, committed 4864K, reserved 1056768K
  class space    used 404K, capacity 464K, committed 512K, reserved 1048576K

Card table byte_map: [0x000000011b5c0000,0x000000011b9c1000] byte_map_base: 0x0000000117bc0000

Marking Bits: (ParMarkBitMap*) 0x000000010b11de20
 Begin Bits: [0x000000011bc6c000, 0x000000011dc6c000)
 End Bits:   [0x000000011dc6c000, 0x000000011fc6c000)

Polling page: 0x000000010b8c0000

CodeCache: size=245760Kb used=1715Kb max_used=1741Kb free=244044Kb
 bounds [0x000000010c200000, 0x000000010c470000, 0x000000011b200000]
 total_blobs=449 nmethods=206 adapters=165
 compilation: enabled

Compilation events (10 events):
Event: 0.818 Thread 0x00007fdf2904b000 nmethod 178 0x000000010c39d4d0 code [0x000000010c39d640, 0x000000010c39d9b8]
Event: 0.818 Thread 0x00007fdf2904b000  179       4       java.nio.HeapCharBuffer::subSequence (57 bytes)
Event: 0.822 Thread 0x00007fdf2904b000 nmethod 179 0x000000010c3a7e10 code [0x000000010c3a7f80, 0x000000010c3a82f8]
Event: 0.822 Thread 0x00007fdf2904b000  180       4       java.nio.CharBuffer::toString (13 bytes)
Event: 0.833 Thread 0x00007fdf2904b000 nmethod 180 0x000000010c39ec90 code [0x000000010c39ee20, 0x000000010c39f4d8]
Event: 0.833 Thread 0x00007fdf2904b000  181   !   4       java.nio.HeapCharBuffer::toString (30 bytes)
Event: 0.837 Thread 0x00007fdf2904b000 nmethod 181 0x000000010c39e0d0 code [0x000000010c39e260, 0x000000010c39e818]
Event: 0.837 Thread 0x00007fdf2904b000  138       4       java.util.regex.Pattern$CharPropertyNames$21::isSatisfiedBy (5 bytes)
Event: 0.838 Thread 0x00007fdf2904b000 nmethod 138 0x000000010c390650 code [0x000000010c3907a0, 0x000000010c390878]
Event: 0.893 Thread 0x00007fdf2a85c800 nmethod 170 0x000000010c3af610 code [0x000000010c3afac0, 0x000000010c3b32d0]

GC Heap History (2 events):
Event: 0.628 GC heap before
{Heap before GC invocations=1 (full 0):
 PSYoungGen      total 38400K, used 33280K [0x0000000795580000, 0x0000000798000000, 0x00000007c0000000)
  eden space 33280K, 100% used [0x0000000795580000,0x0000000797600000,0x0000000797600000)
  from space 5120K, 0% used [0x0000000797b00000,0x0000000797b00000,0x0000000798000000)
  to   space 5120K, 0% used [0x0000000797600000,0x0000000797600000,0x0000000797b00000)
 ParOldGen       total 87552K, used 0K [0x0000000740000000, 0x0000000745580000, 0x0000000795580000)
  object space 87552K, 0% used [0x0000000740000000,0x0000000740000000,0x0000000745580000)
 Metaspace       used 3523K, capacity 4504K, committed 4864K, reserved 1056768K
  class space    used 391K, capacity 392K, committed 512K, reserved 1048576K
Event: 0.633 GC heap after
Heap after GC invocations=1 (full 0):
 PSYoungGen      total 38400K, used 2368K [0x0000000795580000, 0x0000000798000000, 0x00000007c0000000)
  eden space 33280K, 0% used [0x0000000795580000,0x0000000795580000,0x0000000797600000)
  from space 5120K, 46% used [0x0000000797600000,0x0000000797850010,0x0000000797b00000)
  to   space 5120K, 0% used [0x0000000797b00000,0x0000000797b00000,0x0000000798000000)
 ParOldGen       total 87552K, used 8K [0x0000000740000000, 0x0000000745580000, 0x0000000795580000)
  object space 87552K, 0% used [0x0000000740000000,0x0000000740002000,0x0000000745580000)
 Metaspace       used 3523K, capacity 4504K, committed 4864K, reserved 1056768K
  class space    used 391K, capacity 392K, committed 512K, reserved 1048576K
}

Deoptimization events (2 events):
Event: 0.449 Thread 0x00007fdf2a002000 Uncommon trap: reason=unstable_if action=reinterpret pc=0x000000010c36d088 method=java.util.regex.Matcher.match(II)Z @ 91
Event: 0.656 Thread 0x00007fdf2a002000 Uncommon trap: reason=unstable_if action=reinterpret pc=0x000000010c3496a0 method=java.util.HashMap.getNode(ILjava/lang/Object;)Ljava/util/HashMap$Node; @ 116

Internal exceptions (6 events):
Event: 0.058 Thread 0x00007fdf2a002000 Exception <a 'java/lang/NoSuchMethodError': Method sun.misc.Unsafe.defineClass(Ljava/lang/String;[BII)Ljava/lang/Class; name or signature does not match> (0x0000000795592fb8) thrown at [/HUDSON3/workspace/8-2-build-macosx-x86_64/jdk8u66/4988/hotspot/src/s
Event: 0.058 Thread 0x00007fdf2a002000 Exception <a 'java/lang/NoSuchMethodError': Method sun.misc.Unsafe.prefetchRead(Ljava/lang/Object;J)V name or signature does not match> (0x00000007955932a0) thrown at [/HUDSON3/workspace/8-2-build-macosx-x86_64/jdk8u66/4988/hotspot/src/share/vm/prims/jni.
Event: 0.245 Thread 0x00007fdf2a002000 Exception <a 'java/security/PrivilegedActionException'> (0x00000007958493d0) thrown at [/HUDSON3/workspace/8-2-build-macosx-x86_64/jdk8u66/4988/hotspot/src/share/vm/prims/jvm.cpp, line 1386]
Event: 0.245 Thread 0x00007fdf2a002000 Exception <a 'java/security/PrivilegedActionException'> (0x00000007958497c8) thrown at [/HUDSON3/workspace/8-2-build-macosx-x86_64/jdk8u66/4988/hotspot/src/share/vm/prims/jvm.cpp, line 1386]
Event: 0.246 Thread 0x00007fdf2a002000 Exception <a 'java/security/PrivilegedActionException'> (0x000000079584cc50) thrown at [/HUDSON3/workspace/8-2-build-macosx-x86_64/jdk8u66/4988/hotspot/src/share/vm/prims/jvm.cpp, line 1386]
Event: 0.246 Thread 0x00007fdf2a002000 Exception <a 'java/security/PrivilegedActionException'> (0x000000079584d048) thrown at [/HUDSON3/workspace/8-2-build-macosx-x86_64/jdk8u66/4988/hotspot/src/share/vm/prims/jvm.cpp, line 1386]

Events (10 events):
Event: 2979.999 Executing VM operation: ChangeBreakpoints
Event: 2979.999 Executing VM operation: ChangeBreakpoints done
Event: 2980.001 Executing VM operation: RedefineClasses
Event: 2980.002 Executing VM operation: RedefineClasses done
Event: 2980.003 Executing VM operation: GetOrSetLocal
Event: 2980.003 Executing VM operation: GetOrSetLocal done
Event: 2980.022 Executing VM operation: ChangeBreakpoints
Event: 2980.023 Executing VM operation: ChangeBreakpoints done
Event: 2980.024 Executing VM operation: ChangeBreakpoints
Event: 2980.024 Executing VM operation: ChangeBreakpoints done


Dynamic libraries:
0x00000000062c3000 	/System/Library/Frameworks/Cocoa.framework/Versions/A/Cocoa
0x00000000062c3000 	/System/Library/Frameworks/Security.framework/Versions/A/Security
0x00000000062c3000 	/System/Library/Frameworks/ApplicationServices.framework/Versions/A/ApplicationServices
0x00000000062c3000 	/usr/lib/libz.1.dylib
0x00000000062c3000 	/usr/lib/libSystem.B.dylib
0x00000000062c3000 	/usr/lib/libobjc.A.dylib
0x00000000062c3000 	/System/Library/Frameworks/CoreFoundation.framework/Versions/A/CoreFoundation
0x00000000062c3000 	/System/Library/Frameworks/Foundation.framework/Versions/C/Foundation
0x00000000062c3000 	/System/Library/Frameworks/AppKit.framework/Versions/C/AppKit
0x00000000062c3000 	/System/Library/Frameworks/CoreData.framework/Versions/A/CoreData
0x00000000062c3000 	/System/Library/PrivateFrameworks/RemoteViewServices.framework/Versions/A/RemoteViewServices
0x00000000062c3000 	/System/Library/PrivateFrameworks/UIFoundation.framework/Versions/A/UIFoundation
0x00000000062c3000 	/usr/lib/libScreenReader.dylib
0x00000000062c3000 	/System/Library/Frameworks/Accelerate.framework/Versions/A/Accelerate
0x00000000062c3000 	/System/Library/Frameworks/IOSurface.framework/Versions/A/IOSurface
0x00000000062c3000 	/System/Library/Frameworks/AudioToolbox.framework/Versions/A/AudioToolbox
0x00000000062c3000 	/System/Library/Frameworks/AudioUnit.framework/Versions/A/AudioUnit
0x00000000062c3000 	/System/Library/PrivateFrameworks/DataDetectorsCore.framework/Versions/A/DataDetectorsCore
0x00000000062c3000 	/System/Library/PrivateFrameworks/DesktopServicesPriv.framework/Versions/A/DesktopServicesPriv
0x00000000062c3000 	/System/Library/Frameworks/Carbon.framework/Versions/A/Frameworks/HIToolbox.framework/Versions/A/HIToolbox
0x00000000062c3000 	/System/Library/Frameworks/QuartzCore.framework/Versions/A/QuartzCore
0x00000000062c3000 	/System/Library/Frameworks/Carbon.framework/Versions/A/Frameworks/SpeechRecognition.framework/Versions/A/SpeechRecognition
0x00000000062c3000 	/usr/lib/libauto.dylib
0x00000000062c3000 	/usr/lib/libicucore.A.dylib
0x00000000062c3000 	/usr/lib/libxml2.2.dylib
0x00000000062c3000 	/System/Library/PrivateFrameworks/CoreUI.framework/Versions/A/CoreUI
0x00000000062c3000 	/System/Library/Frameworks/CoreAudio.framework/Versions/A/CoreAudio
0x00000000062c3000 	/System/Library/Frameworks/DiskArbitration.framework/Versions/A/DiskArbitration
0x00000000062c3000 	/usr/lib/liblangid.dylib
0x00000000062c3000 	/System/Library/PrivateFrameworks/MultitouchSupport.framework/Versions/A/MultitouchSupport
0x00000000062c3000 	/System/Library/Frameworks/IOKit.framework/Versions/A/IOKit
0x00000000062c3000 	/usr/lib/libDiagnosticMessagesClient.dylib
0x00000000062c3000 	/System/Library/Frameworks/CoreServices.framework/Versions/A/CoreServices
0x00000000062c3000 	/System/Library/PrivateFrameworks/PerformanceAnalysis.framework/Versions/A/PerformanceAnalysis
0x00000000062c3000 	/System/Library/PrivateFrameworks/GenerationalStorage.framework/Versions/A/GenerationalStorage
0x00000000062c3000 	/System/Library/Frameworks/OpenGL.framework/Versions/A/OpenGL
0x00000000062c3000 	/System/Library/PrivateFrameworks/Sharing.framework/Versions/A/Sharing
0x00000000062c3000 	/System/Library/Frameworks/CoreGraphics.framework/Versions/A/CoreGraphics
0x00000000062c3000 	/System/Library/Frameworks/CoreImage.framework/Versions/A/CoreImage
0x00000000062c3000 	/System/Library/Frameworks/CoreText.framework/Versions/A/CoreText
0x00000000062c3000 	/System/Library/Frameworks/ImageIO.framework/Versions/A/ImageIO
0x00000000062c3000 	/System/Library/PrivateFrameworks/Backup.framework/Versions/A/Backup
0x00000000062c3000 	/usr/lib/libextension.dylib
0x00000000062c3000 	/usr/lib/libarchive.2.dylib
0x00000000062c3000 	/System/Library/Frameworks/CFNetwork.framework/Versions/A/CFNetwork
0x00000000062c3000 	/System/Library/Frameworks/SystemConfiguration.framework/Versions/A/SystemConfiguration
0x00000000062c3000 	/usr/lib/libCRFSuite.dylib
0x00000000062c3000 	/usr/lib/libc++.1.dylib
0x00000000062c3000 	/usr/lib/libc++abi.dylib
0x00000000062c3000 	/usr/lib/system/libcache.dylib
0x00000000062c3000 	/usr/lib/system/libcommonCrypto.dylib
0x00000000062c3000 	/usr/lib/system/libcompiler_rt.dylib
0x00000000062c3000 	/usr/lib/system/libcopyfile.dylib
0x00000000062c3000 	/usr/lib/system/libcorecrypto.dylib
0x00000000062c3000 	/usr/lib/system/libdispatch.dylib
0x00000000062c3000 	/usr/lib/system/libdyld.dylib
0x00000000062c3000 	/usr/lib/system/libkeymgr.dylib
0x00000000062c3000 	/usr/lib/system/liblaunch.dylib
0x00000000062c3000 	/usr/lib/system/libmacho.dylib
0x00000000062c3000 	/usr/lib/system/libquarantine.dylib
0x00000000062c3000 	/usr/lib/system/libremovefile.dylib
0x00000000062c3000 	/usr/lib/system/libsystem_asl.dylib
0x00000000062c3000 	/usr/lib/system/libsystem_blocks.dylib
0x00000000062c3000 	/usr/lib/system/libsystem_c.dylib
0x00000000062c3000 	/usr/lib/system/libsystem_configuration.dylib
0x00000000062c3000 	/usr/lib/system/libsystem_coreservices.dylib
0x00000000062c3000 	/usr/lib/system/libsystem_coretls.dylib
0x00000000062c3000 	/usr/lib/system/libsystem_dnssd.dylib
0x00000000062c3000 	/usr/lib/system/libsystem_info.dylib
0x00000000062c3000 	/usr/lib/system/libsystem_kernel.dylib
0x00000000062c3000 	/usr/lib/system/libsystem_m.dylib
0x00000000062c3000 	/usr/lib/system/libsystem_malloc.dylib
0x00000000062c3000 	/usr/lib/system/libsystem_network.dylib
0x00000000062c3000 	/usr/lib/system/libsystem_networkextension.dylib
0x00000000062c3000 	/usr/lib/system/libsystem_notify.dylib
0x00000000062c3000 	/usr/lib/system/libsystem_platform.dylib
0x00000000062c3000 	/usr/lib/system/libsystem_pthread.dylib
0x00000000062c3000 	/usr/lib/system/libsystem_sandbox.dylib
0x00000000062c3000 	/usr/lib/system/libsystem_secinit.dylib
0x00000000062c3000 	/usr/lib/system/libsystem_trace.dylib
0x00000000062c3000 	/usr/lib/system/libunc.dylib
0x00000000062c3000 	/usr/lib/system/libunwind.dylib
0x00000000062c3000 	/usr/lib/system/libxpc.dylib
0x00000000062c3000 	/usr/lib/libenergytrace.dylib
0x00000000062c3000 	/usr/lib/libbsm.0.dylib
0x00000000062c3000 	/usr/lib/system/libkxld.dylib
0x00000000062c3000 	/usr/lib/libxar.1.dylib
0x00000000062c3000 	/usr/lib/libsqlite3.dylib
0x00000000062c3000 	/usr/lib/libpam.2.dylib
0x00000000062c3000 	/usr/lib/libOpenScriptingUtil.dylib
0x00000000062c3000 	/usr/lib/libbz2.1.0.dylib
0x00000000062c3000 	/usr/lib/liblzma.5.dylib
0x00000000062c3000 	/System/Library/Frameworks/CoreServices.framework/Versions/A/Frameworks/FSEvents.framework/Versions/A/FSEvents
0x00000000062c3000 	/System/Library/Frameworks/CoreServices.framework/Versions/A/Frameworks/CarbonCore.framework/Versions/A/CarbonCore
0x00000000062c3000 	/System/Library/Frameworks/CoreServices.framework/Versions/A/Frameworks/Metadata.framework/Versions/A/Metadata
0x00000000062c3000 	/System/Library/Frameworks/CoreServices.framework/Versions/A/Frameworks/OSServices.framework/Versions/A/OSServices
0x00000000062c3000 	/System/Library/Frameworks/CoreServices.framework/Versions/A/Frameworks/SearchKit.framework/Versions/A/SearchKit
0x00000000062c3000 	/System/Library/Frameworks/CoreServices.framework/Versions/A/Frameworks/AE.framework/Versions/A/AE
0x00000000062c3000 	/System/Library/Frameworks/CoreServices.framework/Versions/A/Frameworks/LaunchServices.framework/Versions/A/LaunchServices
0x00000000062c3000 	/System/Library/Frameworks/CoreServices.framework/Versions/A/Frameworks/DictionaryServices.framework/Versions/A/DictionaryServices
0x00000000062c3000 	/System/Library/Frameworks/CoreServices.framework/Versions/A/Frameworks/SharedFileList.framework/Versions/A/SharedFileList
0x00000000062c3000 	/System/Library/Frameworks/NetFS.framework/Versions/A/NetFS
0x00000000062c3000 	/System/Library/PrivateFrameworks/NetAuth.framework/Versions/A/NetAuth
0x00000000062c3000 	/System/Library/PrivateFrameworks/login.framework/Versions/A/Frameworks/loginsupport.framework/Versions/A/loginsupport
0x00000000062c3000 	/System/Library/PrivateFrameworks/TCC.framework/Versions/A/TCC
0x00000000062c3000 	/usr/lib/libmecabra.dylib
0x00000000062c3000 	/System/Library/Frameworks/ApplicationServices.framework/Versions/A/Frameworks/ATS.framework/Versions/A/ATS
0x00000000062c3000 	/System/Library/Frameworks/ApplicationServices.framework/Versions/A/Frameworks/ColorSync.framework/Versions/A/ColorSync
0x00000000062c3000 	/System/Library/Frameworks/ApplicationServices.framework/Versions/A/Frameworks/HIServices.framework/Versions/A/HIServices
0x00000000062c3000 	/System/Library/Frameworks/ApplicationServices.framework/Versions/A/Frameworks/LangAnalysis.framework/Versions/A/LangAnalysis
0x00000000062c3000 	/System/Library/Frameworks/ApplicationServices.framework/Versions/A/Frameworks/PrintCore.framework/Versions/A/PrintCore
0x00000000062c3000 	/System/Library/Frameworks/ApplicationServices.framework/Versions/A/Frameworks/QD.framework/Versions/A/QD
0x00000000062c3000 	/System/Library/Frameworks/ApplicationServices.framework/Versions/A/Frameworks/SpeechSynthesis.framework/Versions/A/SpeechSynthesis
0x00000000062c3000 	/System/Library/Frameworks/Metal.framework/Versions/A/Metal
0x00000000062c3000 	/System/Library/Frameworks/Accelerate.framework/Versions/A/Frameworks/vImage.framework/Versions/A/vImage
0x00000000062c3000 	/System/Library/Frameworks/Accelerate.framework/Versions/A/Frameworks/vecLib.framework/Versions/A/vecLib
0x00000000062c3000 	/System/Library/Frameworks/Accelerate.framework/Versions/A/Frameworks/vecLib.framework/Versions/A/libvDSP.dylib
0x00000000062c3000 	/System/Library/Frameworks/Accelerate.framework/Versions/A/Frameworks/vecLib.framework/Versions/A/libvMisc.dylib
0x00000000062c3000 	/System/Library/Frameworks/Accelerate.framework/Versions/A/Frameworks/vecLib.framework/Versions/A/libLAPACK.dylib
0x00000000062c3000 	/System/Library/Frameworks/Accelerate.framework/Versions/A/Frameworks/vecLib.framework/Versions/A/libBLAS.dylib
0x00000000062c3000 	/System/Library/Frameworks/Accelerate.framework/Versions/A/Frameworks/vecLib.framework/Versions/A/libLinearAlgebra.dylib
0x00000000062c3000 	/System/Library/Frameworks/Accelerate.framework/Versions/A/Frameworks/vecLib.framework/Versions/A/libSparseBLAS.dylib
0x00000000062c3000 	/System/Library/PrivateFrameworks/GPUCompiler.framework/libmetal_timestamp.dylib
0x00000000062c3000 	/System/Library/Frameworks/OpenGL.framework/Versions/A/Libraries/libCoreFSCache.dylib
0x00000000062c3000 	/System/Library/PrivateFrameworks/IOAccelerator.framework/Versions/A/IOAccelerator
0x00000000062c3000 	/System/Library/Frameworks/ApplicationServices.framework/Versions/A/Frameworks/ATS.framework/Versions/A/Resources/libFontParser.dylib
0x00000000062c3000 	/System/Library/Frameworks/ApplicationServices.framework/Versions/A/Frameworks/ATS.framework/Versions/A/Resources/libFontRegistry.dylib
0x00000000062c3000 	/System/Library/PrivateFrameworks/AppleVPA.framework/Versions/A/AppleVPA
0x00000000062c3000 	/System/Library/PrivateFrameworks/AppleJPEG.framework/Versions/A/AppleJPEG
0x00000000062c3000 	/System/Library/Frameworks/ImageIO.framework/Versions/A/Resources/libJPEG.dylib
0x00000000062c3000 	/System/Library/Frameworks/ImageIO.framework/Versions/A/Resources/libTIFF.dylib
0x00000000062c3000 	/System/Library/Frameworks/ImageIO.framework/Versions/A/Resources/libPng.dylib
0x00000000062c3000 	/System/Library/Frameworks/ImageIO.framework/Versions/A/Resources/libGIF.dylib
0x00000000062c3000 	/System/Library/Frameworks/ImageIO.framework/Versions/A/Resources/libJP2.dylib
0x00000000062c3000 	/System/Library/Frameworks/ImageIO.framework/Versions/A/Resources/libRadiance.dylib
0x00000000062c3000 	/System/Library/Frameworks/CoreVideo.framework/Versions/A/CoreVideo
0x00000000062c3000 	/System/Library/Frameworks/OpenGL.framework/Versions/A/Libraries/libGLU.dylib
0x00000000062c3000 	/System/Library/Frameworks/OpenGL.framework/Versions/A/Libraries/libGFXShared.dylib
0x00000000062c3000 	/System/Library/Frameworks/OpenGL.framework/Versions/A/Libraries/libGL.dylib
0x00000000062c3000 	/System/Library/Frameworks/OpenGL.framework/Versions/A/Libraries/libGLImage.dylib
0x00000000062c3000 	/System/Library/Frameworks/OpenGL.framework/Versions/A/Libraries/libCVMSPluginSupport.dylib
0x00000000062c3000 	/System/Library/Frameworks/OpenGL.framework/Versions/A/Libraries/libCoreVMClient.dylib
0x00000000062c3000 	/usr/lib/libcups.2.dylib
0x00000000062c3000 	/System/Library/Frameworks/Kerberos.framework/Versions/A/Kerberos
0x00000000062c3000 	/System/Library/Frameworks/GSS.framework/Versions/A/GSS
0x00000000062c3000 	/usr/lib/libresolv.9.dylib
0x00000000062c3000 	/usr/lib/libiconv.2.dylib
0x00000000062c3000 	/System/Library/PrivateFrameworks/Heimdal.framework/Versions/A/Heimdal
0x00000000062c3000 	/usr/lib/libheimdal-asn1.dylib
0x00000000062c3000 	/System/Library/Frameworks/OpenDirectory.framework/Versions/A/OpenDirectory
0x00000000062c3000 	/System/Library/PrivateFrameworks/CommonAuth.framework/Versions/A/CommonAuth
0x00000000062c3000 	/System/Library/Frameworks/OpenDirectory.framework/Versions/A/Frameworks/CFOpenDirectory.framework/Versions/A/CFOpenDirectory
0x00000000062c3000 	/System/Library/Frameworks/SecurityFoundation.framework/Versions/A/SecurityFoundation
0x00000000062c3000 	/System/Library/PrivateFrameworks/LanguageModeling.framework/Versions/A/LanguageModeling
0x00000000062c3000 	/usr/lib/libmarisa.dylib
0x00000000062c3000 	/usr/lib/libChineseTokenizer.dylib
0x00000000062c3000 	/usr/lib/libcmph.dylib
0x00000000062c3000 	/usr/lib/libcompression.dylib
0x00000000062c3000 	/System/Library/Frameworks/ServiceManagement.framework/Versions/A/ServiceManagement
0x00000000062c3000 	/usr/lib/libxslt.1.dylib
0x00000000062c3000 	/System/Library/Frameworks/Carbon.framework/Versions/A/Frameworks/Ink.framework/Versions/A/Ink
0x00000000062c3000 	/usr/lib/libFosl_dynamic.dylib
0x00000000062c3000 	/System/Library/PrivateFrameworks/FaceCore.framework/Versions/A/FaceCore
0x00000000062c3000 	/System/Library/Frameworks/OpenCL.framework/Versions/A/OpenCL
0x00000000062c3000 	/System/Library/PrivateFrameworks/CrashReporterSupport.framework/Versions/A/CrashReporterSupport
0x00000000062c3000 	/System/Library/PrivateFrameworks/IconServices.framework/Versions/A/IconServices
0x00000000062c3000 	/System/Library/PrivateFrameworks/Apple80211.framework/Versions/A/Apple80211
0x00000000062c3000 	/System/Library/Frameworks/CoreWLAN.framework/Versions/A/CoreWLAN
0x00000000062c3000 	/System/Library/Frameworks/IOBluetooth.framework/Versions/A/IOBluetooth
0x00000000062c3000 	/System/Library/PrivateFrameworks/CoreWiFi.framework/Versions/A/CoreWiFi
0x00000000062c3000 	/System/Library/Frameworks/CoreBluetooth.framework/Versions/A/CoreBluetooth
0x00000000062c3000 	/System/Library/PrivateFrameworks/ChunkingLibrary.framework/Versions/A/ChunkingLibrary
0x00000000062c3000 	/System/Library/PrivateFrameworks/DebugSymbols.framework/Versions/A/DebugSymbols
0x00000000062c3000 	/System/Library/PrivateFrameworks/CoreSymbolication.framework/Versions/A/CoreSymbolication
0x00000000062c3000 	/System/Library/PrivateFrameworks/Symbolication.framework/Versions/A/Symbolication
0x00000000062c3000 	/System/Library/PrivateFrameworks/SpeechRecognitionCore.framework/Versions/A/SpeechRecognitionCore
0x000000010a840000 	/Library/Java/JavaVirtualMachines/jdk1.8.0_66.jdk/Contents/Home/jre/lib/server/libjvm.dylib
0x000000010b7c6000 	/usr/lib/libstdc++.6.dylib
0x000000010b87d000 	/Library/Java/JavaVirtualMachines/jdk1.8.0_66.jdk/Contents/Home/jre/lib/libverify.dylib
0x000000010b88b000 	/Library/Java/JavaVirtualMachines/jdk1.8.0_66.jdk/Contents/Home/jre/lib/libjava.dylib
0x000000010b8c1000 	/Library/Java/JavaVirtualMachines/jdk1.8.0_66.jdk/Contents/Home/jre/lib/libjdwp.dylib
0x000000010b90c000 	/Library/Java/JavaVirtualMachines/jdk1.8.0_66.jdk/Contents/Home/jre/lib/libnpt.dylib
0x000000010b91d000 	/Library/Java/JavaVirtualMachines/jdk1.8.0_66.jdk/Contents/Home/jre/lib/libzip.dylib
0x0000000121a97000 	/System/Library/Frameworks/JavaVM.framework/Frameworks/JavaRuntimeSupport.framework/JavaRuntimeSupport
0x0000000121ab2000 	/System/Library/Frameworks/JavaVM.framework/Versions/A/Frameworks/JavaNativeFoundation.framework/Versions/A/JavaNativeFoundation
0x000000010b9f2000 	/System/Library/Frameworks/JavaVM.framework/Versions/A/JavaVM
0x00000000062c3000 	/System/Library/Frameworks/Carbon.framework/Versions/A/Carbon
0x0000000121ac7000 	/System/Library/PrivateFrameworks/JavaLaunching.framework/Versions/A/JavaLaunching
0x00000000062c3000 	/System/Library/Frameworks/Carbon.framework/Versions/A/Frameworks/CommonPanels.framework/Versions/A/CommonPanels
0x00000000062c3000 	/System/Library/Frameworks/Carbon.framework/Versions/A/Frameworks/Help.framework/Versions/A/Help
0x00000000062c3000 	/System/Library/Frameworks/Carbon.framework/Versions/A/Frameworks/ImageCapture.framework/Versions/A/ImageCapture
0x00000000062c3000 	/System/Library/Frameworks/Carbon.framework/Versions/A/Frameworks/OpenScripting.framework/Versions/A/OpenScripting
0x00000000062c3000 	/System/Library/Frameworks/Carbon.framework/Versions/A/Frameworks/Print.framework/Versions/A/Print
0x00000000062c3000 	/System/Library/Frameworks/Carbon.framework/Versions/A/Frameworks/SecurityHI.framework/Versions/A/SecurityHI
0x00000001233e8000 	/Library/Java/JavaVirtualMachines/jdk1.8.0_66.jdk/Contents/Home/jre/lib/libdt_socket.dylib
0x000000012350d000 	/Library/Java/JavaVirtualMachines/jdk1.8.0_66.jdk/Contents/Home/jre/lib/libnet.dylib
0x000000012356c000 	/Library/Java/JavaVirtualMachines/jdk1.8.0_66.jdk/Contents/Home/jre/lib/libnio.dylib

VM Arguments:
jvm_args: -agentlib:jdwp=transport=dt_socket,address=127.0.0.1:58230,suspend=y,server=n -Dfile.encoding=UTF-8 
java_command: Main
java_class_path (initial): /Library/Java/JavaVirtualMachines/jdk1.8.0_66.jdk/Contents/Home/lib/ant-javafx.jar:/Library/Java/JavaVirtualMachines/jdk1.8.0_66.jdk/Contents/Home/lib/dt.jar:/Library/Java/JavaVirtualMachines/jdk1.8.0_66.jdk/Contents/Home/lib/javafx-mx.jar:/Library/Java/JavaVirtualMachines/jdk1.8.0_66.jdk/Contents/Home/lib/jconsole.jar:/Library/Java/JavaVirtualMachines/jdk1.8.0_66.jdk/Contents/Home/lib/packager.jar:/Library/Java/JavaVirtualMachines/jdk1.8.0_66.jdk/Contents/Home/lib/sa-jdi.jar:/Library/Java/JavaVirtualMachines/jdk1.8.0_66.jdk/Contents/Home/lib/tools.jar:/Library/Java/JavaVirtualMachines/jdk1.8.0_66.jdk/Contents/Home/jre/lib/charsets.jar:/Library/Java/JavaVirtualMachines/jdk1.8.0_66.jdk/Contents/Home/jre/lib/deploy.jar:/Library/Java/JavaVirtualMachines/jdk1.8.0_66.jdk/Contents/Home/jre/lib/javaws.jar:/Library/Java/JavaVirtualMachines/jdk1.8.0_66.jdk/Contents/Home/jre/lib/jce.jar:/Library/Java/JavaVirtualMachines/jdk1.8.0_66.jdk/Contents/Home/jre/lib/jfr.jar:/Library/Java/JavaVirtualMachines/jdk1.8.0_66.jdk/Contents/Home/jre/lib/jfxswt.jar:/Library/Java/JavaVirtualMachines/jdk1.8.0_66.jdk/Contents/Home/jre/lib/jsse.jar:/Library/Java/JavaVirtualMachines/jdk1.8.0_66.jdk/Contents/Home/jre/lib/management-agent.jar:/Library/Java/JavaVirtualMachines/jdk1.8.0_66.jdk/Contents/Home/jre/lib/plugin.jar:/Library/Java/JavaVirtualMachines/jdk1.8.0_66.jdk/Contents/Home/jre/lib/resources.jar:/Library/Java/JavaVirtualMachines/jdk1.8.0_66.jdk/Contents/Home/jre/lib/rt.jar:/Library/Java/JavaVirtualMachines/jdk1.8.0_66.jdk/Contents/Home/jre/lib/ext/cldrdata.jar:/Library/Java/JavaVirtualMachines/jdk1.8.0_66.jdk/Contents/Home/jre/lib/ext/dnsns.jar:/Library/Java/JavaVirtualMachines/jdk1.8.0_66.jdk/Contents/Home/jre/lib/ext/jaccess.jar:/Library/Java/JavaVirtualMachines/jdk1.8.0_66.jdk/Contents/Home/jre/lib/ext/jfxrt.jar:/Library/Java/JavaVirtualMachines/jdk1.8.0_66.jdk/Contents/Home/jre/lib/ext/localedata.jar:/Library/Java/JavaVirtualMachines/jdk1.8.0_66.jdk/Conten
Launcher Type: SUN_STANDARD

Environment Variables:
PATH=/usr/local/bin:/usr/bin:/bin:/usr/sbin:/sbin
SHELL=/bin/bash

Signal Handlers:
SIGSEGV: [libjvm.dylib+0x5a65d5], sa_mask[0]=11111111011111110111111111111111, sa_flags=SA_ONSTACK|SA_RESTART|SA_SIGINFO
SIGBUS: [libjvm.dylib+0x5a65d5], sa_mask[0]=11111111011111110111111111111111, sa_flags=SA_RESTART|SA_SIGINFO
SIGFPE: [libjvm.dylib+0x4802e8], sa_mask[0]=11111111011111110111111111111111, sa_flags=SA_RESTART|SA_SIGINFO
SIGPIPE: [libjvm.dylib+0x4802e8], sa_mask[0]=11111111011111110111111111111111, sa_flags=SA_RESTART|SA_SIGINFO
SIGXFSZ: [libjvm.dylib+0x4802e8], sa_mask[0]=11111111011111110111111111111111, sa_flags=SA_RESTART|SA_SIGINFO
SIGILL: [libjvm.dylib+0x4802e8], sa_mask[0]=11111111011111110111111111111111, sa_flags=SA_RESTART|SA_SIGINFO
SIGUSR1: SIG_DFL, sa_mask[0]=00000000000000000000000000000000, sa_flags=none
SIGUSR2: [libjvm.dylib+0x47fe06], sa_mask[0]=00100000000000000000000000000000, sa_flags=SA_RESTART|SA_SIGINFO
SIGHUP: [libjvm.dylib+0x47e3dd], sa_mask[0]=11111111011111110111111111111111, sa_flags=SA_RESTART|SA_SIGINFO
SIGINT: [libjvm.dylib+0x47e3dd], sa_mask[0]=11111111011111110111111111111111, sa_flags=SA_RESTART|SA_SIGINFO
SIGTERM: [libjvm.dylib+0x47e3dd], sa_mask[0]=11111111011111110111111111111111, sa_flags=SA_RESTART|SA_SIGINFO
SIGQUIT: [libjvm.dylib+0x47e3dd], sa_mask[0]=11111111011111110111111111111111, sa_flags=SA_RESTART|SA_SIGINFO


---------------  S Y S T E M  ---------------

OS:Bsduname:Darwin 15.0.0 Darwin Kernel Version 15.0.0: Sat Sep 19 15:53:46 PDT 2015; root:xnu-3247.10.11~1/RELEASE_X86_64 x86_64
rlimit: STACK 8192k, CORE 0k, NPROC 709, NOFILE 10240, AS infinity
load average:2.00 2.36 2.32

CPU:total 4 (2 cores per cpu, 2 threads per core) family 6 model 69 stepping 1, cmov, cx8, fxsr, mmx, sse, sse2, sse3, ssse3, sse4.1, sse4.2, popcnt, avx, avx2, aes, clmul, erms, rtm, lzcnt, ht, tsc, tscinvbit, bmi1, bmi2

Memory: 4k page, physical 8388608k(150812k free)

/proc/meminfo:


vm_info: Java HotSpot(TM) 64-Bit Server VM (25.66-b17) for bsd-amd64 JRE (1.8.0_66-b17), built on Oct  6 2015 16:09:13 by "java_re" with gcc 4.2.1 (Based on Apple Inc. build 5658) (LLVM build 2336.11.00)

time: Sat Nov 21 21:49:59 2015
elapsed time: 2980 seconds (0d 0h 49m 40s)

